  Source.cpp
C:\Users\1\source\repos\Course work\PIV\meshFast.h(9,40): warning C4244: =: преобразование "double" в "int", возможна потеря данных
C:\Users\1\source\repos\Course work\PIV\meshFast.h(12,40): warning C4244: =: преобразование "double" в "int", возможна потеря данных
C:\Users\1\source\repos\Course work\PIV\opticalMethod.h(37,12): warning C4244: return: преобразование "double" в "int", возможна потеря данных
C:\Users\1\source\repos\Course work\PIV\opticalMethod.h(194,26): warning C4244: инициализация: преобразование "double" в "int", возможна потеря данных
C:\Users\1\source\repos\Course work\PIV\opticalMethod.h(194,74): warning C4244: инициализация: преобразование "double" в "int", возможна потеря данных
C:\Users\1\source\repos\Course work\PIV\opticalMethod.h(195,26): warning C4244: инициализация: преобразование "double" в "int", возможна потеря данных
C:\Users\1\source\repos\Course work\PIV\opticalMethod.h(195,74): warning C4244: инициализация: преобразование "double" в "int", возможна потеря данных
C:\Users\1\source\repos\Course work\PIV\opticalMethod.h(197,31): warning C4244: инициализация: преобразование "double" в "int", возможна потеря данных
C:\Users\1\source\repos\Course work\PIV\opticalMethod.h(198,31): warning C4244: инициализация: преобразование "double" в "int", возможна потеря данных
C:\Users\1\source\repos\Course work\PIV\opticalMethod.h(201,31): warning C4244: инициализация: преобразование "double" в "int", возможна потеря данных
C:\Users\1\source\repos\Course work\PIV\opticalMethod.h(202,31): warning C4244: инициализация: преобразование "double" в "int", возможна потеря данных
C:\Users\1\source\repos\Course work\PIV\opticalMethod.h(206,31): warning C4244: инициализация: преобразование "double" в "int", возможна потеря данных
C:\Users\1\source\repos\Course work\PIV\opticalMethod.h(207,31): warning C4244: инициализация: преобразование "double" в "int", возможна потеря данных
C:\Users\1\source\repos\Course work\PIV\opticalMethod.h(210,31): warning C4244: инициализация: преобразование "double" в "int", возможна потеря данных
C:\Users\1\source\repos\Course work\PIV\opticalMethod.h(211,31): warning C4244: инициализация: преобразование "double" в "int", возможна потеря данных
C:\Users\1\source\repos\Course work\PIV\ZNCC.h(221): warning C4172: возвращение адреса локальной или временной переменной : res
LINK : warning LNK4075: не учитывается "/INCREMENTAL" из-за спецификации "/PROFILE"
Source.obj : warning LNK4075: не учитывается "/EDITANDCONTINUE" из-за спецификации "/OPT:REF"
  PIV.vcxproj -> C:\Users\1\source\repos\Course work\x64\Debug\PIV.exe
